MusicPlayer/app/build/intermediates/manifest_merge_blame_file/debug/manifest-merger-blame-debug-report.txt
1<?xml version="1.0" encoding="utf-8"?>
2<manifest xmlns:android="http://schemas.android.com/apk/res/android"
3    package="com.example.musicplayer"
4    android:versionCode="1"
5    android:versionName="1.0" >
6
7    <uses-sdk
8        android:minSdkVersion="19"
8-->src\main\AndroidManifest.xml
9        android:targetSdkVersion="32" />
9-->src\main\AndroidManifest.xml
10
11    <uses-permission android:name="android.permission.READ_EXTERNAL_STORAGE" />
11-->src\main\AndroidManifest.xml:5:5-80
11-->src\main\AndroidManifest.xml:5:22-77
12    <uses-permission android:name="android.permission.READ_PHONE_STATE" />
12-->src\main\AndroidManifest.xml:6:5-75
12-->src\main\AndroidManifest.xml:6:22-72
13    <uses-permission android:name="android.permission.FOREGROUND_SERVICE" />
13-->src\main\AndroidManifest.xml:7:5-77
13-->src\main\AndroidManifest.xml:7:22-74
14    <uses-permission android:name="android.permission.WAKE_LOCK" />
14-->src\main\AndroidManifest.xml:8:5-68
14-->src\main\AndroidManifest.xml:8:22-65
15    <uses-permission android:name="android.permission.WRITE_EXTERNAL_STORAGE" />
15-->src\main\AndroidManifest.xml:9:5-81
15-->src\main\AndroidManifest.xml:9:22-78
16    <uses-permission android:name="android.permission.MODIFY_AUDIO_SETTINGS" />
16-->src\main\AndroidManifest.xml:10:5-80
16-->src\main\AndroidManifest.xml:10:22-77
17    <uses-permission android:name="android.permission.MANAGE_EXTERNAL_STORAGE" />
17-->src\main\AndroidManifest.xml:11:5-81
17-->src\main\AndroidManifest.xml:11:22-79
18
19    <permission android:name="android.permission.MEDIA_CONTENT_CONTROL" />
19-->src\main\AndroidManifest.xml:12:5-75
19-->src\main\AndroidManifest.xml:12:17-72
20
21    <application
21-->src\main\AndroidManifest.xml:14:5-100:19
22        android:allowBackup="true"
22-->src\main\AndroidManifest.xml:16:9-35
23        android:appComponentFactory="androidx.core.app.CoreComponentFactory"
23-->[androidx.core:core:1.1.0] AndroidManifest.xml:24:18-86
24        android:debuggable="true"
25        android:icon="@mipmap/cassette_round"
25-->src\main\AndroidManifest.xml:17:9-46
26        android:label="@string/app_name"
26-->src\main\AndroidManifest.xml:18:9-41
27        android:roundIcon="@mipmap/cassette_round"
27-->src\main\AndroidManifest.xml:19:9-51
28        android:testOnly="true"
29        android:theme="@style/AppTheme" >
29-->src\main\AndroidManifest.xml:20:9-40
30        <activity
30-->src\main\AndroidManifest.xml:21:9-23:74
31            android:name="com.example.musicplayer.ui.SettingsActivity"
31-->src\main\AndroidManifest.xml:22:13-48
32            android:theme="@style/Theme.AppCompat.DayNight.NoActionBar" />
32-->src\main\AndroidManifest.xml:23:13-72
33        <activity
33-->src\main\AndroidManifest.xml:25:9-28:74
34            android:name="com.example.musicplayer.ui.search.SearchActivity"
34-->src\main\AndroidManifest.xml:26:13-53
35            android:parentActivityName="com.example.musicplayer.MainActivity"
35-->src\main\AndroidManifest.xml:27:13-55
36            android:theme="@style/AppTheme.NoActionBar.SearchActivity" />
36-->src\main\AndroidManifest.xml:28:13-71
37        <activity
37-->src\main\AndroidManifest.xml:29:9-32:59
38            android:name="com.example.musicplayer.nowplaying.NowPlaying"
38-->src\main\AndroidManifest.xml:30:13-50
39            android:parentActivityName="com.example.musicplayer.MainActivity"
39-->src\main\AndroidManifest.xml:31:13-55
40            android:theme="@style/AppTheme.NoActionBar" />
40-->src\main\AndroidManifest.xml:32:13-56
41
42        <service
42-->src\main\AndroidManifest.xml:34:9-43:19
43            android:name="com.example.musicplayer.MediaPlayerService"
43-->src\main\AndroidManifest.xml:35:13-47
44            android:exported="false" >
44-->src\main\AndroidManifest.xml:36:13-37
45            <intent-filter>
45-->src\main\AndroidManifest.xml:37:13-39:29
46                <action android:name="android.intent.action.MEDIA_BUTTON" />
46-->src\main\AndroidManifest.xml:38:17-77
46-->src\main\AndroidManifest.xml:38:25-74
47            </intent-filter>
48            <intent-filter>
48-->src\main\AndroidManifest.xml:40:13-42:29
49                <action android:name="android.media.browse.MediaBrowserService" />
49-->src\main\AndroidManifest.xml:41:17-83
49-->src\main\AndroidManifest.xml:41:25-80
50            </intent-filter>
51        </service>
52
53        <activity
53-->src\main\AndroidManifest.xml:45:9-87:20
54            android:name="com.example.musicplayer.MainActivity"
54-->src\main\AndroidManifest.xml:46:13-41
55            android:exported="true"
55-->src\main\AndroidManifest.xml:50:13-36
56            android:label="@string/app_name"
56-->src\main\AndroidManifest.xml:47:13-45
57            android:launchMode="singleInstance"
57-->src\main\AndroidManifest.xml:48:13-48
58            android:theme="@style/AppTheme.NoActionBar" >
58-->src\main\AndroidManifest.xml:49:13-56
59            <intent-filter>
59-->src\main\AndroidManifest.xml:52:13-58:29
60                <action android:name="android.intent.action.MAIN" />
60-->src\main\AndroidManifest.xml:54:17-69
60-->src\main\AndroidManifest.xml:54:25-66
61
62                <category android:name="android.intent.category.LAUNCHER" />
62-->src\main\AndroidManifest.xml:56:17-77
62-->src\main\AndroidManifest.xml:56:27-74
63            </intent-filter>
64            <intent-filter>
64-->src\main\AndroidManifest.xml:60:13-68:29
65                <action android:name="android.intent.action.MUSIC_PLAYER" />
65-->src\main\AndroidManifest.xml:62:17-77
65-->src\main\AndroidManifest.xml:62:25-74
66
67                <category android:name="android.intent.category.DEFAULT" />
67-->src\main\AndroidManifest.xml:64:17-75
67-->src\main\AndroidManifest.xml:64:27-73
68                <category android:name="android.intent.category.APP_MUSIC" />
68-->src\main\AndroidManifest.xml:65:17-77
68-->src\main\AndroidManifest.xml:65:27-75
69                <category android:name="android.intent.category.LAUNCHER" />
69-->src\main\AndroidManifest.xml:56:17-77
69-->src\main\AndroidManifest.xml:56:27-74
70            </intent-filter>
71            <intent-filter>
71-->src\main\AndroidManifest.xml:70:13-84:29
72                <action android:name="android.intent.action.VIEW" />
72-->src\main\AndroidManifest.xml:72:17-69
72-->src\main\AndroidManifest.xml:72:25-66
73
74                <category android:name="android.intent.category.BROWSABLE" />
74-->src\main\AndroidManifest.xml:74:17-77
74-->src\main\AndroidManifest.xml:74:27-75
75                <category android:name="android.intent.category.DEFAULT" />
75-->src\main\AndroidManifest.xml:64:17-75
75-->src\main\AndroidManifest.xml:64:27-73
76
77                <data android:scheme="content" />
77-->src\main\AndroidManifest.xml:77:17-50
77-->src\main\AndroidManifest.xml:77:23-47
78                <data android:scheme="file" />
78-->src\main\AndroidManifest.xml:77:17-50
78-->src\main\AndroidManifest.xml:77:23-47
79                <data android:mimeType="audio/*" />
79-->src\main\AndroidManifest.xml:77:17-50
79-->src\main\AndroidManifest.xml:79:23-49
80                <data android:mimeType="application/ogg" />
80-->src\main\AndroidManifest.xml:77:17-50
80-->src\main\AndroidManifest.xml:79:23-49
81                <data android:mimeType="application/x-ogg" />
81-->src\main\AndroidManifest.xml:77:17-50
81-->src\main\AndroidManifest.xml:79:23-49
82                <data android:mimeType="application/itunes" />
82-->src\main\AndroidManifest.xml:77:17-50
82-->src\main\AndroidManifest.xml:79:23-49
83            </intent-filter>
84        </activity>
85
86        <receiver
86-->src\main\AndroidManifest.xml:89:9-94:20
87            android:name="androidx.media.session.MediaButtonReceiver"
87-->src\main\AndroidManifest.xml:89:19-76
88            android:exported="true" >
88-->src\main\AndroidManifest.xml:90:13-36
89            <intent-filter>
89-->src\main\AndroidManifest.xml:37:13-39:29
90                <action android:name="android.intent.action.MEDIA_BUTTON" />
90-->src\main\AndroidManifest.xml:38:17-77
90-->src\main\AndroidManifest.xml:38:25-74
91            </intent-filter>
92        </receiver>
93
94        <meta-data
94-->src\main\AndroidManifest.xml:97:9-99:57
95            android:name="preloaded_fonts"
95-->src\main\AndroidManifest.xml:98:13-43
96            android:resource="@array/preloaded_fonts" />
96-->src\main\AndroidManifest.xml:99:13-54
97
98        <provider
98-->[androidx.lifecycle:lifecycle-process:2.2.0] AndroidManifest.xml:25:9-29:43
99            android:name="androidx.lifecycle.ProcessLifecycleOwnerInitializer"
99-->[androidx.lifecycle:lifecycle-process:2.2.0] AndroidManifest.xml:26:13-79
100            android:authorities="com.example.musicplayer.lifecycle-process"
100-->[androidx.lifecycle:lifecycle-process:2.2.0] AndroidManifest.xml:27:13-69
101            android:exported="false"
101-->[androidx.lifecycle:lifecycle-process:2.2.0] AndroidManifest.xml:28:13-37
102            android:multiprocess="true" />
102-->[androidx.lifecycle:lifecycle-process:2.2.0] AndroidManifest.xml:29:13-40
103    </application>
104
105</manifest>